<?xml version="1.0" encoding="UTF-8"?>
<!-- Generated by org.testng.reporters.JUnitXMLReporter -->
<testsuite hostname="LAPTOP-VHE2P4JN" ignored="4" name="ChromeTest_win8" tests="3" failures="0" timestamp="2021-04-25T22:04:20 IST" time="50.017" errors="0">
  <testcase name="valdiateStartTestingBtnOnHomePage" time="1.028" classname="com.qa.tests.HomePageTest"/>
  <testcase name="validateIntegrationDocUrl" time="14.975" classname="com.qa.tests.SupportDocPageTest"/>
  <testcase name="validateLetMeReadItFirstLink" time="7.018" classname="com.qa.tests.NewsletterPageTest"/>
  <testcase name="@BeforeTest initialization" time="0.0" classname="com.qa.base.TestBase">
    <ignored/>
  </testcase> <!-- @BeforeTest initialization -->
  <testcase name="@BeforeTest initialization" time="0.0" classname="com.qa.base.TestBase">
    <ignored/>
  </testcase> <!-- @BeforeTest initialization -->
  <testcase name="@AfterTest tearDown" time="0.0" classname="com.qa.base.TestBase">
    <ignored/>
  </testcase> <!-- @AfterTest tearDown -->
  <testcase name="@AfterTest tearDown" time="0.0" classname="com.qa.base.TestBase">
    <ignored/>
  </testcase> <!-- @AfterTest tearDown -->
</testsuite> <!-- ChromeTest_win8 -->
